2024-12-14T03:06:30 - DEBUG - Using proactor: IocpProactor
2024-12-14T03:06:52 - INFO - Starting Google search for query: best law firm in lucknow
2024-12-14T03:06:54 - INFO - Found 72 search results for query: best law firm in lucknow
2024-12-14T03:06:54 - INFO - Extracting emails from URL: https://www.reddit.com/r/lucknow/comments/13bp77g/good_corporate_lawfirm_to_work_with/
2024-12-14T03:06:54 - INFO - Extracting emails from URL: https://www.yourlegalcareercoach.com/top-5-law-firms-in-lucknow-for-legal-internships/
2024-12-14T03:06:54 - INFO - Extracting emails from URL: https://www.indialawoffices.com/lucknow.html
2024-12-14T03:06:54 - INFO - Extracting emails from URL: https://saslawchambers.com/
2024-12-14T03:06:54 - INFO - Extracting emails from URL: https://www.quora.com/Who-is-the-most-reputed-lawyer-law-firm-in-Lucknow-for-a-service-related-case
2024-12-14T03:06:54 - INFO - Extracting emails from URL: https://www.justdial.com/Lucknow/Law-Firms/nct-10295991
2024-12-14T03:06:54 - INFO - Extracting emails from URL: https://www.quora.com/Who-is-the-best-lawyer-in-Lucknow
2024-12-14T03:06:54 - INFO - Extracting emails from URL: https://cybertechnoattorneys.com/
2024-12-14T03:06:54 - INFO - Extracting emails from URL: https://maxlawfirm.co.in/best-advocate-in-lucknow/
2024-12-14T03:06:54 - INFO - Extracting emails from URL: https://ojhalawfirmandassociates.com/
2024-12-14T03:06:54 - INFO - Extracting emails from URL: https://lucknow.graceslist.org/directory/listing/rally-mark-legal-best-corporate-law-firm
2024-12-14T03:06:54 - INFO - Extracting emails from URL: https://mklegalassociates.com/about.html
2024-12-14T03:06:54 - INFO - Extracting emails from URL: https://www.legallyindia.com/convos/topic/362634-why-law-firms-are-not-opening-in-cities-are-lucknow
2024-12-14T03:06:54 - INFO - Extracting emails from URL: https://mklegalassociates.com/business-law.html
2024-12-14T03:06:54 - INFO - Extracting emails from URL: https://www.legalserviceindia.com/lawyers/lucknow.htm
2024-12-14T03:06:54 - INFO - Extracting emails from URL: https://mklegalassociates.com/family-law.html
2024-12-14T03:06:54 - INFO - Extracting emails from URL: https://ojhalawfirmandassociates.com/about-us/
2024-12-14T03:06:54 - INFO - Extracting emails from URL: https://law4u.in/advocate-mohit-sharma
2024-12-14T03:06:54 - INFO - Extracting emails from URL: https://in.linkedin.com/company/saslawchambers
2024-12-14T03:06:54 - INFO - Extracting emails from URL: https://www.advotalks.com/service/best-law-firm-in-lucknow
2024-12-14T03:06:54 - INFO - Extracting emails from URL: https://sureshtripathi.in/careers
2024-12-14T03:06:54 - INFO - Extracting emails from URL: https://khatrilawhouse.com/
2024-12-14T03:06:54 - INFO - Extracting emails from URL: https://bestlegalservice.co.in/index.html
2024-12-14T03:06:54 - INFO - Extracting emails from URL: https://www.lawctopus.com/tag/lucknow-law-firm-internship/
2024-12-14T03:06:54 - INFO - Extracting emails from URL: https://thelitigator.in/
2024-12-14T03:06:54 - INFO - Extracting emails from URL: https://nyayanest.com/
2024-12-14T03:06:54 - INFO - Extracting emails from URL: https://www.dealkonnect.com/p/shiva-law-firm.html
2024-12-14T03:06:54 - INFO - Extracting emails from URL: https://nooralamadvocate.in/
2024-12-14T03:06:54 - INFO - Extracting emails from URL: https://jkchaudhary.in/contact
2024-12-14T03:06:54 - INFO - Extracting emails from URL: https://vidhisatta.in/contact-us/
2024-12-14T03:06:54 - INFO - Extracting emails from URL: https://www.rallymarklegal.com/
2024-12-14T03:06:54 - INFO - Extracting emails from URL: https://dir.indiamart.com/lucknow/property-law-services.html
2024-12-14T03:06:54 - INFO - Extracting emails from URL: https://threebestrated.in/patent-lawyers-in-lucknow-up
2024-12-14T03:06:54 - INFO - Extracting emails from URL: https://bnblegal.com/lucknow/
2024-12-14T03:06:54 - INFO - Extracting emails from URL: https://www.linkedin.com/posts/dr-g-k-goswami-ips-ab16a729_law-with-labs-a-noble-pedagogy-for-legal-activity-7222222235816640513-Z30V
2024-12-14T03:06:54 - INFO - Extracting emails from URL: https://www.pegasuslegal.co.in/
2024-12-14T03:06:54 - INFO - Extracting emails from URL: https://www.brentadams.com/
2024-12-14T03:06:54 - INFO - Extracting emails from URL: https://www.khaitanco.com/
2024-12-14T03:06:54 - INFO - Extracting emails from URL: https://www.soolegal.com/proactivelegal
2024-12-14T03:06:54 - INFO - Extracting emails from URL: https://lawbhoomi.com/internship-aditya-pratap-law-offices/
2024-12-14T03:06:54 - INFO - Extracting emails from URL: https://insaaf99.com/lawyers-in-lucknow
2024-12-14T03:06:54 - INFO - Extracting emails from URL: https://www.avianlawfirm.in/
2024-12-14T03:06:54 - INFO - Extracting emails from URL: https://lawrato.com/lawyers/lucknow
2024-12-14T03:06:54 - INFO - Extracting emails from URL: https://lexameet.com/
2024-12-14T03:06:54 - INFO - Extracting emails from URL: https://mudralegal.com/
2024-12-14T03:06:54 - INFO - Extracting emails from URL: https://www.indiamart.com/proddetail/best-criminal-lawyer-in-lucknow-expert-legal-guidance-2853779264433.html
2024-12-14T03:06:54 - INFO - Extracting emails from URL: https://www.mvdlawcollege.com/
2024-12-14T03:06:54 - INFO - Extracting emails from URL: https://addwor.in/
2024-12-14T03:06:54 - INFO - Extracting emails from URL: https://onlinelegalcenter.com/lucknow/
2024-12-14T03:06:54 - INFO - Extracting emails from URL: https://hsvrlaw.com/about-us/
2024-12-14T03:06:54 - INFO - Extracting emails from URL: http://goodmaysys.com/legal
2024-12-14T03:06:54 - INFO - Extracting emails from URL: https://www.asialaw.com/Jurisdiction/india/Rankings/323
2024-12-14T03:06:54 - INFO - Extracting emails from URL: https://www.leadindia.law/criminal-lawyers/lucknow
2024-12-14T03:06:54 - INFO - Extracting emails from URL: https://lucknow.matrimonialadvocates.com/
2024-12-14T03:06:54 - INFO - Extracting emails from URL: https://www.lexindis.com/
2024-12-14T03:06:54 - INFO - Extracting emails from URL: http://bestlegalferminallahabad.in/Top_advocate_Lawyers_and_Law_Firm_High_Court_Allahabad_Prayagraj.aspx
2024-12-14T03:06:54 - INFO - Extracting emails from URL: https://blog.ipleaders.in/5-years-studying-law-lucknow-university/
2024-12-14T03:06:54 - INFO - Extracting emails from URL: https://citylawcollege.com/mou.html
2024-12-14T03:06:54 - INFO - Extracting emails from URL: https://risislegal.com/
2024-12-14T03:06:54 - INFO - Extracting emails from URL: https://www.sndlegalassociates.com/
2024-12-14T03:06:54 - INFO - Extracting emails from URL: https://www.khlaw.com/
2024-12-14T03:06:54 - INFO - Extracting emails from URL: https://www.indianartlaw.com/best-art-law-firms-in-lucknow.php
2024-12-14T03:06:54 - INFO - Extracting emails from URL: https://www.lawmatics.com/
2024-12-14T03:06:54 - INFO - Extracting emails from URL: https://lawyers.law.com/legal/north-carolina-car-accident-lawyers.html
2024-12-14T03:06:54 - INFO - Extracting emails from URL: https://www.instagram.com/poddarfarms/p/CurCMh6PH7T/
2024-12-14T03:06:54 - INFO - Extracting emails from URL: https://hls.harvard.edu/clinic-stories/clinical-student-voices/radhika-kapoor-i-want-to-be-able-to-help-develop-transitional-justice-norms/
2024-12-14T03:06:54 - INFO - Extracting emails from URL: https://www.justia.com/lawyers/north-carolina/bunnlevel
2024-12-14T03:06:54 - INFO - Extracting emails from URL: https://www.cambridge.org/core/journals/hypatia/article/remembering-hypatias-birth-it-took-a-village/04FDA573D12340BAB4D89A1FFAA827A1
2024-12-14T03:06:54 - INFO - Extracting emails from URL: https://www.canlii.org/en/commentary/doc/2019CanLIIDocs3736
2024-12-14T03:06:54 - INFO - Extracting emails from URL: https://www.currentstudents.law.ed.ac.uk/category/event/page/3/
2024-12-14T03:06:54 - INFO - Extracting emails from URL: https://www.researchgate.net/publication/309415232_Study_on_Micro-Finance_Product_of_Micro-Finance_Institutions_Under_Lucknow_Province
2024-12-14T03:06:54 - INFO - Extracting emails from URL: https://www.livemint.com/Industry/sj2PZDKrzLSn0PUx6UmMHM/Sciencebased-innovation-is-antidote-to-job-losses-from-auto.html
2024-12-14T03:06:55 - INFO - Extracted 0 valid emails from https://dir.indiamart.com/lucknow/property-law-services.html.
2024-12-14T03:06:55 - INFO - Extracted 1 valid emails from https://www.indiamart.com/proddetail/best-criminal-lawyer-in-lucknow-expert-legal-guidance-2853779264433.html.
2024-12-14T03:06:55 - INFO - Extracted 0 valid emails from https://cybertechnoattorneys.com/.
2024-12-14T03:06:55 - INFO - Extracted 2 valid emails from https://mklegalassociates.com/family-law.html.
2024-12-14T03:06:55 - INFO - Extracted 2 valid emails from https://mklegalassociates.com/business-law.html.
2024-12-14T03:06:55 - INFO - Extracted 1 valid emails from https://mklegalassociates.com/about.html.
2024-12-14T03:06:55 - INFO - Extracted 0 valid emails from https://bestlegalservice.co.in/index.html.
2024-12-14T03:06:55 - INFO - Extracted 0 valid emails from https://thelitigator.in/.
2024-12-14T03:06:55 - INFO - Extracted 0 valid emails from https://nooralamadvocate.in/.
2024-12-14T03:06:55 - INFO - Extracted 6 valid emails from https://sureshtripathi.in/careers.
2024-12-14T03:06:55 - INFO - Extracted 2 valid emails from https://maxlawfirm.co.in/best-advocate-in-lucknow/.
2024-12-14T03:06:55 - INFO - Extracted 2 valid emails from https://www.yourlegalcareercoach.com/top-5-law-firms-in-lucknow-for-legal-internships/.
2024-12-14T03:06:55 - INFO - Extracted 0 valid emails from https://www.lexindis.com/.
2024-12-14T03:06:55 - INFO - Extracted 0 valid emails from https://blog.ipleaders.in/5-years-studying-law-lucknow-university/.
2024-12-14T03:06:55 - INFO - Extracted 1 valid emails from https://law4u.in/advocate-mohit-sharma.
2024-12-14T03:06:55 - INFO - Extracted 1 valid emails from https://lexameet.com/.
2024-12-14T03:06:55 - INFO - Extracted 0 valid emails from https://threebestrated.in/patent-lawyers-in-lucknow-up.
2024-12-14T03:06:55 - INFO - Extracted 0 valid emails from https://saslawchambers.com/.
2024-12-14T03:06:55 - INFO - Extracted 2 valid emails from https://lucknow.matrimonialadvocates.com/.
2024-12-14T03:06:55 - INFO - Extracted 0 valid emails from https://www.legallyindia.com/convos/topic/362634-why-law-firms-are-not-opening-in-cities-are-lucknow.
2024-12-14T03:06:55 - INFO - Extracted 2 valid emails from https://vidhisatta.in/contact-us/.
2024-12-14T03:06:55 - INFO - Extracted 1 valid emails from https://www.brentadams.com/.
2024-12-14T03:06:55 - INFO - Extracted 1 valid emails from https://addwor.in/.
2024-12-14T03:06:55 - INFO - Extracted 0 valid emails from https://www.quora.com/Who-is-the-most-reputed-lawyer-law-firm-in-Lucknow-for-a-service-related-case.
2024-12-14T03:06:55 - INFO - Extracted 0 valid emails from https://www.khaitanco.com/.
2024-12-14T03:06:55 - INFO - Extracted 0 valid emails from https://www.quora.com/Who-is-the-best-lawyer-in-Lucknow.
2024-12-14T03:06:55 - INFO - Extracted 0 valid emails from https://www.sndlegalassociates.com/.
2024-12-14T03:06:55 - INFO - Extracted 0 valid emails from https://in.linkedin.com/company/saslawchambers.
2024-12-14T03:06:56 - INFO - Extracted 1 valid emails from https://www.justdial.com/Lucknow/Law-Firms/nct-10295991.
2024-12-14T03:06:56 - INFO - Extracted 1 valid emails from https://www.pegasuslegal.co.in/.
2024-12-14T03:06:56 - INFO - Extracted 3 valid emails from https://www.advotalks.com/service/best-law-firm-in-lucknow.
2024-12-14T03:06:56 - INFO - Extracted 0 valid emails from https://www.linkedin.com/posts/dr-g-k-goswami-ips-ab16a729_law-with-labs-a-noble-pedagogy-for-legal-activity-7222222235816640513-Z30V.
2024-12-14T03:06:56 - INFO - Extracted 0 valid emails from https://citylawcollege.com/mou.html.
2024-12-14T03:06:56 - INFO - Extracted 1 valid emails from https://mudralegal.com/.
2024-12-14T03:06:56 - INFO - Extracted 5 valid emails from https://jkchaudhary.in/contact.
2024-12-14T03:06:56 - ERROR - Error extracting emails from https://www.researchgate.net/publication/309415232_Study_on_Micro-Finance_Product_of_Micro-Finance_Institutions_Under_Lucknow_Province: 403, message='Forbidden', url='https://www.researchgate.net/publication/309415232_Study_on_Micro-Finance_Product_of_Micro-Finance_Institutions_Under_Lucknow_Province'
2024-12-14T03:06:56 - INFO - Extracted 1 valid emails from https://nyayanest.com/.
2024-12-14T03:06:56 - INFO - Extracted 0 valid emails from https://www.avianlawfirm.in/.
2024-12-14T03:06:56 - ERROR - Error extracting emails from https://lawyers.law.com/legal/north-carolina-car-accident-lawyers.html: 403, message='Forbidden', url='https://lawyers.law.com/legal/north-carolina-car-accident-lawyers.html'
2024-12-14T03:06:56 - INFO - Extracted 0 valid emails from https://www.livemint.com/Industry/sj2PZDKrzLSn0PUx6UmMHM/Sciencebased-innovation-is-antidote-to-job-losses-from-auto.html.
2024-12-14T03:06:56 - INFO - Extracted 2 valid emails from https://ojhalawfirmandassociates.com/about-us/.
2024-12-14T03:06:56 - INFO - Extracted 2 valid emails from https://www.mvdlawcollege.com/.
2024-12-14T03:06:56 - INFO - Extracted 3 valid emails from https://hls.harvard.edu/clinic-stories/clinical-student-voices/radhika-kapoor-i-want-to-be-able-to-help-develop-transitional-justice-norms/.
2024-12-14T03:06:56 - INFO - Extracted 2 valid emails from https://ojhalawfirmandassociates.com/.
2024-12-14T03:06:56 - INFO - Extracted 0 valid emails from https://lawbhoomi.com/internship-aditya-pratap-law-offices/.
2024-12-14T03:06:56 - INFO - Extracted 0 valid emails from https://www.legalserviceindia.com/lawyers/lucknow.htm.
2024-12-14T03:06:56 - INFO - Extracted 0 valid emails from https://www.khlaw.com/.
2024-12-14T03:06:56 - INFO - Extracted 0 valid emails from https://www.instagram.com/poddarfarms/p/CurCMh6PH7T/.
2024-12-14T03:06:56 - INFO - Extracted 0 valid emails from https://www.rallymarklegal.com/.
2024-12-14T03:06:56 - INFO - Extracted 0 valid emails from https://www.dealkonnect.com/p/shiva-law-firm.html.
2024-12-14T03:06:56 - INFO - Extracted 3 valid emails from https://www.indianartlaw.com/best-art-law-firms-in-lucknow.php.
2024-12-14T03:06:57 - INFO - Extracted 0 valid emails from https://lawrato.com/lawyers/lucknow.
2024-12-14T03:06:57 - INFO - Extracted 1 valid emails from https://www.indialawoffices.com/lucknow.html.
2024-12-14T03:06:57 - INFO - Extracted 1 valid emails from https://insaaf99.com/lawyers-in-lucknow.
2024-12-14T03:06:57 - INFO - Extracted 0 valid emails from https://www.reddit.com/r/lucknow/comments/13bp77g/good_corporate_lawfirm_to_work_with/.
2024-12-14T03:06:57 - INFO - Extracted 0 valid emails from https://www.canlii.org/en/commentary/doc/2019CanLIIDocs3736.
2024-12-14T03:06:57 - INFO - Extracted 0 valid emails from https://lucknow.graceslist.org/directory/listing/rally-mark-legal-best-corporate-law-firm.
2024-12-14T03:06:57 - INFO - Extracted 1 valid emails from https://www.leadindia.law/criminal-lawyers/lucknow.
2024-12-14T03:06:57 - INFO - Extracted 5 valid emails from https://www.lawctopus.com/tag/lucknow-law-firm-internship/.
2024-12-14T03:06:57 - INFO - Extracted 2 valid emails from https://bnblegal.com/lucknow/.
2024-12-14T03:06:57 - INFO - Extracted 1 valid emails from https://www.cambridge.org/core/journals/hypatia/article/remembering-hypatias-birth-it-took-a-village/04FDA573D12340BAB4D89A1FFAA827A1.
2024-12-14T03:06:57 - INFO - Extracted 1 valid emails from https://www.lawmatics.com/.
2024-12-14T03:06:57 - INFO - Extracted 0 valid emails from https://www.justia.com/lawyers/north-carolina/bunnlevel.
2024-12-14T03:06:57 - INFO - Extracted 1 valid emails from https://www.currentstudents.law.ed.ac.uk/category/event/page/3/.
2024-12-14T03:06:57 - INFO - Extracted 2 valid emails from https://hsvrlaw.com/about-us/.
2024-12-14T03:06:58 - INFO - Extracted 1 valid emails from http://bestlegalferminallahabad.in/Top_advocate_Lawyers_and_Law_Firm_High_Court_Allahabad_Prayagraj.aspx.
2024-12-14T03:06:58 - INFO - Extracted 2 valid emails from http://goodmaysys.com/legal.
2024-12-14T03:06:59 - INFO - Extracted 0 valid emails from https://khatrilawhouse.com/.
2024-12-14T03:07:00 - INFO - Extracted 5 valid emails from https://www.soolegal.com/proactivelegal.
2024-12-14T03:07:00 - INFO - Extracted 1 valid emails from https://risislegal.com/.
2024-12-14T03:07:02 - INFO - Extracted 0 valid emails from https://www.asialaw.com/Jurisdiction/india/Rankings/323.
2024-12-14T03:07:02 - INFO - Extracted 2 valid emails from https://onlinelegalcenter.com/lucknow/.
2024-12-14T03:07:02 - INFO - Saving 54 emails to emails.json.
2024-12-14T03:07:02 - INFO - Emails have been saved to emails.json.
2024-12-14T03:17:11 - DEBUG - Using proactor: IocpProactor
2024-12-14T03:17:11 - INFO - Copied credentials.example.json to credentials.json.
2024-12-14T03:20:26 - DEBUG - Using proactor: IocpProactor
